::1 - - [12/Jan/2026 21:36:52] "GET / HTTP/1.1" 200 -
::1 - - [12/Jan/2026 21:36:52] "GET /style.css HTTP/1.1" 200 -
::1 - - [12/Jan/2026 21:36:52] "GET /script.js HTTP/1.1" 200 -
::1 - - [12/Jan/2026 21:36:53] code 404, message File not found
::1 - - [12/Jan/2026 21:36:53] "GET /favicon.ico HTTP/1.1" 404 -
::1 - - [12/Jan/2026 21:37:29] code 404, message File not found
::1 - - [12/Jan/2026 21:37:29] "GET /.well-known/appspecific/com.chrome.devtools.json HTTP/1.1" 404 -
::1 - - [12/Jan/2026 21:37:29] "GET /style.css HTTP/1.1" 304 -
::1 - - [12/Jan/2026 21:37:36] "GET / HTTP/1.1" 304 -
::1 - - [12/Jan/2026 21:37:36] code 404, message File not found
::1 - - [12/Jan/2026 21:37:36] "GET /.well-known/appspecific/com.chrome.devtools.json HTTP/1.1" 404 -
::1 - - [12/Jan/2026 21:37:36] "GET /script.js HTTP/1.1" 304 -
::1 - - [12/Jan/2026 21:37:45] "GET / HTTP/1.1" 304 -
::1 - - [12/Jan/2026 21:37:45] code 404, message File not found
::1 - - [12/Jan/2026 21:37:45] "GET /.well-known/appspecific/com.chrome.devtools.json HTTP/1.1" 404 -
::1 - - [12/Jan/2026 21:38:13] "GET / HTTP/1.1" 304 -
::1 - - [12/Jan/2026 21:38:13] "GET /style.css HTTP/1.1" 304 -
::1 - - [12/Jan/2026 21:38:13] code 404, message File not found
::1 - - [12/Jan/2026 21:38:13] "GET /.well-known/appspecific/com.chrome.devtools.json HTTP/1.1" 404 -
::1 - - [12/Jan/2026 21:38:13] "GET /script.js HTTP/1.1" 200 -
::1 - - [12/Jan/2026 21:38:25] "GET / HTTP/1.1" 200 -
::1 - - [12/Jan/2026 21:38:25] code 404, message File not found
::1 - - [12/Jan/2026 21:38:25] "GET /.well-known/appspecific/com.chrome.devtools.json HTTP/1.1" 404 -
::1 - - [12/Jan/2026 21:38:25] "GET /script.js HTTP/1.1" 304 -
